comkabchannel66/build/outputs/logs/manifest-merger-release-report.txt
-- Merging decision tree log ---
manifest
ADDED from AndroidManifest.xml:2:1
	package
		ADDED from AndroidManifest.xml:3:5
		INJECTED from AndroidManifest.xml:0:0
		INJECTED from AndroidManifest.xml:0:0
	android:versionName
		ADDED from AndroidManifest.xml:5:5
	android:versionCode
		ADDED from AndroidManifest.xml:4:5
		INJECTED from AndroidManifest.xml:0:0
		INJECTED from AndroidManifest.xml:0:0
	xmlns:android
		ADDED from AndroidManifest.xml:2:11
uses-permission#android.permission.INTERNET
ADDED from AndroidManifest.xml:9:5
	android:name
		ADDED from AndroidManifest.xml:9:22
uses-permission#android.permission.WRITE_EXTERNAL_STORAGE
ADDED from AndroidManifest.xml:11:5
	android:name
		ADDED from AndroidManifest.xml:11:22
uses-permission#android.permission.READ_PHONE_STATE
ADDED from AndroidManifest.xml:13:5
	android:name
		ADDED from AndroidManifest.xml:13:22
uses-permission#android.permission.GET_TASKS
ADDED from AndroidManifest.xml:15:5
	android:name
		ADDED from AndroidManifest.xml:15:22
uses-permission#android.permission.ACCESS_WIFI_STATE
ADDED from AndroidManifest.xml:17:5
	android:name
		ADDED from AndroidManifest.xml:17:22
uses-permission#android.permission.ACCESS_NETWORK_STATE
ADDED from AndroidManifest.xml:19:5
	android:name
		ADDED from AndroidManifest.xml:19:22
uses-permission#android.permission.SYSTEM_ALERT_WINDOW
ADDED from AndroidManifest.xml:21:5
	android:name
		ADDED from AndroidManifest.xml:21:22
uses-permission#android.permission.RECEIVE_BOOT_COMPLETED
ADDED from AndroidManifest.xml:22:2
	android:name
		ADDED from AndroidManifest.xml:22:19
uses-permission#android.permission.VIBRATE
ADDED from AndroidManifest.xml:23:2
	android:name
		ADDED from AndroidManifest.xml:23:19
uses-permission#android.permission.GET_ACCOUNTS
ADDED from AndroidManifest.xml:27:1
	android:name
		ADDED from AndroidManifest.xml:27:18
uses-permission#com.google.android.c2dm.permission.RECEIVE
ADDED from AndroidManifest.xml:28:1
	android:name
		ADDED from AndroidManifest.xml:28:18
permission#com.kab.channel66.permission.C2D_MESSAGE
ADDED from AndroidManifest.xml:34:1
	android:protectionLevel
		ADDED from AndroidManifest.xml:34:13
	android:name
		ADDED from AndroidManifest.xml:35:5
uses-permission#com.kab.channel66.permission.C2D_MESSAGE
ADDED from AndroidManifest.xml:36:1
	android:name
		ADDED from AndroidManifest.xml:36:18
uses-permission#android.permission.WAKE_LOCK
ADDED from AndroidManifest.xml:39:5
	android:name
		ADDED from AndroidManifest.xml:39:22
application
ADDED from AndroidManifest.xml:42:5
MERGED from com.kab.channel66:InitActivity:unspecified:11:5
	android:label
		ADDED from AndroidManifest.xml:44:9
	android:icon
		ADDED from AndroidManifest.xml:43:10
	android:name
		ADDED from AndroidManifest.xml:45:10
receiver#com.kab.channel66.MyWidgetProvider
ADDED from AndroidManifest.xml:47:9
	android:name
		ADDED from AndroidManifest.xml:47:19
intent-filter#android.appwidget.action.APPWIDGET_UPDATE
ADDED from AndroidManifest.xml:48:13
action#android.appwidget.action.APPWIDGET_UPDATE
ADDED from AndroidManifest.xml:49:17
	android:name
		ADDED from AndroidManifest.xml:50:21
meta-data#android.appwidget.provider
ADDED from AndroidManifest.xml:53:13
	android:resource
		ADDED from AndroidManifest.xml:55:17
	android:name
		ADDED from AndroidManifest.xml:54:17
activity#io.vov.vitamio.activity.InitActivity
ADDED from AndroidManifest.xml:60:11
MERGED from com.kab.channel66:InitActivity:unspecified:12:9
	android:launchMode
		ADDED from AndroidManifest.xml:63:13
	android:windowSoftInputMode
		ADDED from AndroidManifest.xml:65:13
	android:configChanges
		ADDED from AndroidManifest.xml:62:13
	android:theme
		ADDED from AndroidManifest.xml:64:13
	android:name
		ADDED from AndroidManifest.xml:61:13
activity#com.kab.channel66.VideoViewDemo
ADDED from AndroidManifest.xml:67:9
	android:label
		ADDED from AndroidManifest.xml:70:13
	android:configChanges
		ADDED from AndroidManifest.xml:69:13
	android:theme
		ADDED from AndroidManifest.xml:71:13
	android:name
		ADDED from AndroidManifest.xml:68:13
intent-filter#android.intent.category.LAUNCHER
ADDED from AndroidManifest.xml:72:13
category#android.intent.category.LAUNCHER
ADDED from AndroidManifest.xml:76:17
	android:name
		ADDED from AndroidManifest.xml:76:27
activity#com.kab.channel66.VideoView
ADDED from AndroidManifest.xml:79:9
	android:screenOrientation
		ADDED from AndroidManifest.xml:84:13
	android:label
		ADDED from AndroidManifest.xml:82:13
	android:configChanges
		ADDED from AndroidManifest.xml:81:13
	android:theme
		ADDED from AndroidManifest.xml:83:13
	android:name
		ADDED from AndroidManifest.xml:80:13
activity#com.kab.channel66.BackgroundPlayer
ADDED from AndroidManifest.xml:92:10
	android:label
		ADDED from AndroidManifest.xml:94:13
	android:name
		ADDED from AndroidManifest.xml:93:13
activity#com.kab.channel66.VideoPlayerActivity
ADDED from AndroidManifest.xml:96:9
	android:screenOrientation
		ADDED from AndroidManifest.xml:101:13
	android:label
		ADDED from AndroidManifest.xml:99:13
	android:configChanges
		ADDED from AndroidManifest.xml:98:13
	android:theme
		ADDED from AndroidManifest.xml:100:13
	android:name
		ADDED from AndroidManifest.xml:97:13
intent-filter#android.intent.action.VIEW+android.intent.category.BROWSABLE+android.intent.category.DEFAULT+android.intent.category.LAUNCHER
ADDED from AndroidManifest.xml:102:13
action#android.intent.action.VIEW
ADDED from AndroidManifest.xml:103:17
	android:name
		ADDED from AndroidManifest.xml:103:25
category#android.intent.category.DEFAULT
ADDED from AndroidManifest.xml:106:17
	android:name
		ADDED from AndroidManifest.xml:106:27
category#android.intent.category.BROWSABLE
ADDED from AndroidManifest.xml:107:17
	android:name
		ADDED from AndroidManifest.xml:107:27
data
ADDED from AndroidManifest.xml:134:17
	android:scheme
		ADDED from AndroidManifest.xml:136:21
	android:mimeType
		ADDED from AndroidManifest.xml:135:21
intent-filter#android.intent.action.VIEW+android.intent.category.DEFAULT
ADDED from AndroidManifest.xml:162:13
intent-filter#android.intent.action.VIEW+android.intent.category.BROWSABLE+android.intent.category.DEFAULT
ADDED from AndroidManifest.xml:169:13
intent-filter#android.intent.action.SEND+android.intent.action.SENDTO+android.intent.action.VIEW+android.intent.category.DEFAULT
ADDED from AndroidManifest.xml:191:13
action#android.intent.action.SEND
ADDED from AndroidManifest.xml:193:17
	android:name
		ADDED from AndroidManifest.xml:193:25
action#android.intent.action.SENDTO
ADDED from AndroidManifest.xml:194:17
	android:name
		ADDED from AndroidManifest.xml:194:25
activity#com.kab.channel66.PlayerActivity
ADDED from AndroidManifest.xml:269:9
	android:label
		ADDED from AndroidManifest.xml:272:13
	android:configChanges
		ADDED from AndroidManifest.xml:271:13
	android:theme
		ADDED from AndroidManifest.xml:273:13
	android:name
		ADDED from AndroidManifest.xml:270:13
activity#com.kab.channel66.LoginLayout
ADDED from AndroidManifest.xml:281:10
	android:label
		ADDED from AndroidManifest.xml:284:13
	android:configChanges
		ADDED from AndroidManifest.xml:283:13
	android:name
		ADDED from AndroidManifest.xml:282:13
activity#com.kab.channel66.WebLogin
ADDED from AndroidManifest.xml:293:9
	android:screenOrientation
		ADDED from AndroidManifest.xml:297:13
	android:label
		ADDED from AndroidManifest.xml:296:13
	android:exported
		ADDED from AndroidManifest.xml:298:13
	android:configChanges
		ADDED from AndroidManifest.xml:295:13
	android:name
		ADDED from AndroidManifest.xml:294:13
activity#com.kab.channel66.StreamListActivity
ADDED from AndroidManifest.xml:301:10
	android:screenOrientation
		ADDED from AndroidManifest.xml:305:13
	android:label
		ADDED from AndroidManifest.xml:304:13
	android:exported
		ADDED from AndroidManifest.xml:306:13
	android:configChanges
		ADDED from AndroidManifest.xml:303:13
	android:name
		ADDED from AndroidManifest.xml:302:13
activity#com.kab.channel66.SvivaTovaLogin
ADDED from AndroidManifest.xml:309:9
	android:screenOrientation
		ADDED from AndroidManifest.xml:313:13
	android:label
		ADDED from AndroidManifest.xml:312:13
	android:exported
		ADDED from AndroidManifest.xml:314:13
	android:configChanges
		ADDED from AndroidManifest.xml:311:13
	android:name
		ADDED from AndroidManifest.xml:310:13
activity#com.kab.channel66.PushMessagesActivity
ADDED from AndroidManifest.xml:317:10
	android:screenOrientation
		ADDED from AndroidManifest.xml:321:13
	android:label
		ADDED from AndroidManifest.xml:320:13
	android:exported
		ADDED from AndroidManifest.xml:322:13
	android:configChanges
		ADDED from AndroidManifest.xml:319:13
	android:name
		ADDED from AndroidManifest.xml:318:13
activity#com.kab.channel66.SplashScreen
ADDED from AndroidManifest.xml:343:10
	android:screenOrientation
		ADDED from AndroidManifest.xml:346:13
	android:label
		ADDED from AndroidManifest.xml:345:13
	android:launchMode
		ADDED from AndroidManifest.xml:347:13
	android:name
		ADDED from AndroidManifest.xml:344:13
intent-filter#android.intent.action.MAIN+android.intent.category.LAUNCHER
ADDED from AndroidManifest.xml:356:14
action#android.intent.action.MAIN
ADDED from AndroidManifest.xml:357:13
	android:name
		ADDED from AndroidManifest.xml:357:21
service#com.kab.channel66.BackgroundPlayer
ADDED from AndroidManifest.xml:365:7
	android:enabled
		ADDED from AndroidManifest.xml:365:49
	android:name
		ADDED from AndroidManifest.xml:365:16
service#com.parse.PushService
ADDED from AndroidManifest.xml:366:7
	android:name
		ADDED from AndroidManifest.xml:366:16
receiver#com.parse.ParseBroadcastReceiver
ADDED from AndroidManifest.xml:367:1
	android:name
		ADDED from AndroidManifest.xml:367:11
intent-filter#android.intent.action.BOOT_COMPLETED+android.intent.action.USER_PRESENT
ADDED from AndroidManifest.xml:368:3
action#android.intent.action.BOOT_COMPLETED
ADDED from AndroidManifest.xml:369:5
	android:name
		ADDED from AndroidManifest.xml:369:13
action#android.intent.action.USER_PRESENT
ADDED from AndroidManifest.xml:370:5
	android:name
		ADDED from AndroidManifest.xml:370:13
receiver#com.kab.channel66.ParsePushHandling
ADDED from AndroidManifest.xml:373:1
	android:exported
		ADDED from AndroidManifest.xml:374:5
	android:name
		ADDED from AndroidManifest.xml:373:11
intent-filter#com.parse.push.intent.DELETE+com.parse.push.intent.OPEN+com.parse.push.intent.RECEIVE
ADDED from AndroidManifest.xml:375:3
action#com.parse.push.intent.RECEIVE
ADDED from AndroidManifest.xml:376:5
	android:name
		ADDED from AndroidManifest.xml:376:13
action#com.parse.push.intent.DELETE
ADDED from AndroidManifest.xml:377:5
	android:name
		ADDED from AndroidManifest.xml:377:13
action#com.parse.push.intent.OPEN
ADDED from AndroidManifest.xml:378:5
	android:name
		ADDED from AndroidManifest.xml:378:13
receiver#com.parse.GcmBroadcastReceiver
ADDED from AndroidManifest.xml:381:1
	android:permission
		ADDED from AndroidManifest.xml:382:5
	android:name
		ADDED from AndroidManifest.xml:381:11
intent-filter#com.google.android.c2dm.intent.RECEIVE+com.google.android.c2dm.intent.REGISTRATION+com.kab.channel66
ADDED from AndroidManifest.xml:383:3
action#com.google.android.c2dm.intent.RECEIVE
ADDED from AndroidManifest.xml:384:5
	android:name
		ADDED from AndroidManifest.xml:384:13
action#com.google.android.c2dm.intent.REGISTRATION
ADDED from AndroidManifest.xml:385:5
	android:name
		ADDED from AndroidManifest.xml:385:13
category#com.kab.channel66
ADDED from AndroidManifest.xml:390:5
	android:name
		ADDED from AndroidManifest.xml:390:15
uses-sdk
ADDED from AndroidManifest.xml:395:5
MERGED from com.kab.channel66:InitActivity:unspecified:7:5
	android:targetSdkVersion
		ADDED from AndroidManifest.xml:397:9
		INJECTED from AndroidManifest.xml:0:0
		INJECTED from AndroidManifest.xml:0:0
	android:minSdkVersion
		ADDED from AndroidManifest.xml:396:9
		INJECTED from AndroidManifest.xml:0:0
		INJECTED from AndroidManifest.xml:0:0